lib_common/build/intermediates/manifest_merge_blame_file/debug/manifest-merger-blame-debug-report.txt
1<?xml version="1.0" encoding="utf-8"?>
2<manifest xmlns:android="http://schemas.android.com/apk/res/android"
3    xmlns:tools="http://schemas.android.com/tools"
4    package="com.nudtit.lib_common" >
5
6    <uses-sdk
7        android:minSdkVersion="17"
7-->src\main\AndroidManifest.xml
8        android:targetSdkVersion="30" />
8-->src\main\AndroidManifest.xml
9    <!-- 网络相关权限 -->
10    <uses-permission android:name="android.permission.INTERNET" />
10-->src\main\AndroidManifest.xml:6:5-67
10-->src\main\AndroidManifest.xml:6:22-64
11    <uses-permission android:name="android.permission.ACCESS_NETWORK_STATE" />
11-->src\main\AndroidManifest.xml:7:5-79
11-->src\main\AndroidManifest.xml:7:22-76
12    <uses-permission android:name="android.permission.ACCESS_WIFI_STATE" />
12-->src\main\AndroidManifest.xml:8:5-76
12-->src\main\AndroidManifest.xml:8:22-73
13    <uses-permission android:name="android.permission.CHANGE_WIFI_STATE" />
13-->src\main\AndroidManifest.xml:9:5-76
13-->src\main\AndroidManifest.xml:9:22-73
14    <uses-permission android:name="android.permission.CHANGE_NETWORK_STATE" />
14-->src\main\AndroidManifest.xml:10:5-79
14-->src\main\AndroidManifest.xml:10:22-76
15
16    <!-- 系统设置权限 -->
17    <uses-permission
17-->src\main\AndroidManifest.xml:13:5-15:47
18        android:name="android.permission.WRITE_SETTINGS"
18-->src\main\AndroidManifest.xml:14:9-57
19        tools:ignore="ProtectedPermissions" />
19-->src\main\AndroidManifest.xml:15:9-44
20
21    <!-- 存储权限 -->
22    <uses-permission android:name="android.permission.MANAGE_EXTERNAL_STORAGE" />
22-->src\main\AndroidManifest.xml:18:5-82
22-->src\main\AndroidManifest.xml:18:22-79
23    <uses-permission android:name="android.permission.READ_EXTERNAL_STORAGE" />
23-->src\main\AndroidManifest.xml:19:5-80
23-->src\main\AndroidManifest.xml:19:22-77
24    <uses-permission android:name="android.permission.WRITE_EXTERNAL_STORAGE" />
24-->src\main\AndroidManifest.xml:20:5-81
24-->src\main\AndroidManifest.xml:20:22-78
25    <!-- sd卡内创建与删除文件权限 -->
26    <uses-permission
26-->src\main\AndroidManifest.xml:22:5-24:47
27        android:name="android.permission.MOUNT_UNMOUNT_FILESYSTEMS"
27-->src\main\AndroidManifest.xml:23:9-68
28        tools:ignore="ProtectedPermissions" />
28-->src\main\AndroidManifest.xml:24:9-44
29
30    <!-- 录音权限 -->
31    <uses-permission android:name="android.permission.MODIFY_AUDIO_SETTINGS" />
31-->src\main\AndroidManifest.xml:27:5-80
31-->src\main\AndroidManifest.xml:27:22-77
32    <uses-permission android:name="android.permission.RECORD_AUDIO" />
32-->src\main\AndroidManifest.xml:28:5-71
32-->src\main\AndroidManifest.xml:28:22-68
33
34    <!-- 系统弹窗-悬浮窗 -->
35    <uses-permission android:name="android.permission.SYSTEM_ALERT_WINDOW" />
35-->src\main\AndroidManifest.xml:31:5-78
35-->src\main\AndroidManifest.xml:31:22-75
36
37    <!-- 相机相关权限 -->
38    <uses-feature android:name="android.hardware.camera" />
38-->src\main\AndroidManifest.xml:34:5-60
38-->src\main\AndroidManifest.xml:34:19-57
39    <uses-feature android:name="android.hardware.camera.autofocus" />
39-->src\main\AndroidManifest.xml:35:5-70
39-->src\main\AndroidManifest.xml:35:19-67
40    <uses-feature android:name="android.hardware.camera2.full" />
40-->src\main\AndroidManifest.xml:36:5-66
40-->src\main\AndroidManifest.xml:36:19-63
41
42    <uses-permission android:name="android.permission.CAMERA" />
42-->src\main\AndroidManifest.xml:38:5-65
42-->src\main\AndroidManifest.xml:38:22-62
43
44    <!-- 蓝牙相关权限 -->
45    <uses-permission android:name="android.permission.BLUETOOTH" />
45-->src\main\AndroidManifest.xml:41:5-68
45-->src\main\AndroidManifest.xml:41:22-65
46
47    <!-- 获取手机状态权限 -->
48    <uses-permission android:name="android.permission.READ_PHONE_STATE" />
48-->src\main\AndroidManifest.xml:44:5-75
48-->src\main\AndroidManifest.xml:44:22-72
49
50    <!-- 改变WiFi多播状态权限 -->
51    <uses-permission android:name="android.permission.CHANGE_WIFI_MULTICAST_STATE" />
51-->src\main\AndroidManifest.xml:47:5-86
51-->src\main\AndroidManifest.xml:47:22-83
52
53    <!-- 允许访问闪光灯权限 -->
54    <uses-permission android:name="android.permission.FLASHLIGHT" />
54-->src\main\AndroidManifest.xml:50:5-69
54-->src\main\AndroidManifest.xml:50:22-66
55
56    <!-- 允许一个程序接收到 ACTION_BOOT_COMPLETED广播在系统完成启动 -->
57    <uses-permission android:name="android.permission.RECEIVE_BOOT_COMPLETED" />
57-->src\main\AndroidManifest.xml:53:5-81
57-->src\main\AndroidManifest.xml:53:22-78
58
59    <!-- 允许设备振动权限 -->
60    <uses-permission android:name="android.permission.VIBRATE" />
60-->src\main\AndroidManifest.xml:56:5-66
60-->src\main\AndroidManifest.xml:56:22-63
61
62    <!-- 读取联系人权限 -->
63    <uses-permission android:name="android.permission.READ_CONTACTS" />
63-->src\main\AndroidManifest.xml:59:5-72
63-->src\main\AndroidManifest.xml:59:22-69
64
65    <!-- 锁屏权限 -->
66    <uses-permission android:name="android.permission.WAKE_LOCK" />
66-->src\main\AndroidManifest.xml:62:5-68
66-->src\main\AndroidManifest.xml:62:22-65
67
68    <!-- usb权限 -->
69    <uses-permission android:name="android.hardware.usb.action.USB_DEVICE_ATTACHED" />
69-->src\main\AndroidManifest.xml:65:5-87
69-->src\main\AndroidManifest.xml:65:22-84
70
71    <!-- 免打扰权限 -->
72    <uses-permission android:name="android.permission.ACCESS_NOTIFICATION_POLICY" />
72-->src\main\AndroidManifest.xml:68:5-85
72-->src\main\AndroidManifest.xml:68:22-82
73    <!-- 安装应用 -->
74    <uses-permission android:name="android.permission.REQUEST_INSTALL_PACKAGES=" />
74-->src\main\AndroidManifest.xml:70:5-83
74-->src\main\AndroidManifest.xml:70:22-81
75    <!-- 位置权限 -->
76    <uses-permission android:name="android.permission.ACCESS_FINE_LOCATION" />
76-->src\main\AndroidManifest.xml:72:5-79
76-->src\main\AndroidManifest.xml:72:22-76
77    <uses-permission android:name="android.permission.ACCESS_COARSE_LOCATION" />
77-->src\main\AndroidManifest.xml:73:5-81
77-->src\main\AndroidManifest.xml:73:22-78
78    <uses-permission android:name="android.permission.ACCESS_BACKGROUND_LOCATION" />
78-->src\main\AndroidManifest.xml:74:5-85
78-->src\main\AndroidManifest.xml:74:22-82
79    <uses-permission android:name="android.permission.KILL_BACKGROUND_PROCESSES" />
79-->src\main\AndroidManifest.xml:75:5-84
79-->src\main\AndroidManifest.xml:75:22-81
80    <!-- 允许发送短信（必须） -->
81    <uses-permission android:name="android.permission.SEND_SMS" />
81-->src\main\AndroidManifest.xml:77:5-67
81-->src\main\AndroidManifest.xml:77:22-64
82    <uses-permission
82-->src\main\AndroidManifest.xml:78:5-80:36
83        android:name="android.hardware.usb.host"
83-->src\main\AndroidManifest.xml:79:9-49
84        android:required="false" />
84-->src\main\AndroidManifest.xml:80:9-33
85    <!-- 手机必须支持USB主机特性(OTG) -->
86    <uses-feature
86-->src\main\AndroidManifest.xml:82:5-84:35
87        android:name="android.hardware.usb.host"
87-->src\main\AndroidManifest.xml:83:9-49
88        android:required="true" />
88-->src\main\AndroidManifest.xml:84:9-32
89
90    <application>
90-->src\main\AndroidManifest.xml:85:5-88:19
91        <service android:name="org.eclipse.paho.android.service.MqttService" />
91-->src\main\AndroidManifest.xml:86:9-80
91-->src\main\AndroidManifest.xml:86:18-77
92        <service android:name="com.nudtit.lib_common.mqtt.service.MqttService" />
92-->src\main\AndroidManifest.xml:87:9-60
92-->src\main\AndroidManifest.xml:87:18-58
93    </application>
94
95</manifest>